<?xml version="1.0" encoding="UTF-8"?>
<coverage generated="1689861835130" clover="3.2.0">
  <project timestamp="1689861835130" name="All files">
    <metrics statements="28" coveredstatements="28" conditionals="13" coveredconditionals="13" methods="1" coveredmethods="1" elements="42" coveredelements="42" complexity="0" loc="28" ncloc="28" packages="1" files="1" classes="1"/>
    <file name="character.js" path="C:\MSI Kate\KateWolsh\IT\Frontend\Home work\clases\src\js\character.js">
      <metrics statements="28" coveredstatements="28" conditionals="13" coveredconditionals="13" methods="1" coveredmethods="1"/>
      <line num="3" count="11" type="cond" truecount="5" falsecount="0"/>
      <line num="4" count="4" type="stmt"/>
      <line num="7" count="7" type="stmt"/>
      <line num="8" count="7" type="cond" truecount="2" falsecount="0"/>
      <line num="9" count="1" type="stmt"/>
      <line num="12" count="6" type="stmt"/>
      <line num="13" count="6" type="stmt"/>
      <line num="14" count="6" type="stmt"/>
      <line num="15" count="6" type="stmt"/>
      <line num="17" count="6" type="cond" truecount="6" falsecount="0"/>
      <line num="19" count="1" type="stmt"/>
      <line num="20" count="1" type="stmt"/>
      <line num="21" count="1" type="stmt"/>
      <line num="23" count="1" type="stmt"/>
      <line num="24" count="1" type="stmt"/>
      <line num="25" count="1" type="stmt"/>
      <line num="27" count="1" type="stmt"/>
      <line num="28" count="1" type="stmt"/>
      <line num="29" count="1" type="stmt"/>
      <line num="31" count="1" type="stmt"/>
      <line num="32" count="1" type="stmt"/>
      <line num="33" count="1" type="stmt"/>
      <line num="35" count="1" type="stmt"/>
      <line num="36" count="1" type="stmt"/>
      <line num="37" count="1" type="stmt"/>
      <line num="39" count="1" type="stmt"/>
      <line num="40" count="1" type="stmt"/>
      <line num="41" count="1" type="stmt"/>
    </file>
  </project>
</coverage>
