TN:
SF:src\js\character.js
FN:2,(anonymous_0)
FN:20,(anonymous_1)
FN:28,(anonymous_2)
FN:36,(anonymous_3)
FN:44,(anonymous_4)
FN:52,(anonymous_5)
FN:60,(anonymous_6)
FNF:7
FNH:7
FNDA:16,(anonymous_0)
FNDA:1,(anonymous_1)
FNDA:1,(anonymous_2)
FNDA:1,(anonymous_3)
FNDA:1,(anonymous_4)
FNDA:1,(anonymous_5)
FNDA:1,(anonymous_6)
DA:3,16
DA:4,3
DA:7,13
DA:8,13
DA:9,1
DA:12,12
DA:13,12
DA:14,12
DA:15,12
DA:21,1
DA:22,1
DA:23,1
DA:29,1
DA:30,1
DA:31,1
DA:37,1
DA:38,1
DA:39,1
DA:45,1
DA:46,1
DA:47,1
DA:53,1
DA:54,1
DA:55,1
DA:61,1
DA:62,1
DA:63,1
LF:27
LH:27
BRDA:3,0,0,3
BRDA:3,0,1,13
BRDA:3,1,0,16
BRDA:3,1,1,16
BRDA:3,1,2,14
BRDA:8,2,0,1
BRDA:8,2,1,12
BRF:7
BRH:7
end_of_record
