TN:
SF:src\js\character.js
FN:2,(anonymous_0)
FNF:1
FNH:1
FNDA:11,(anonymous_0)
DA:3,11
DA:4,4
DA:7,7
DA:8,7
DA:9,1
DA:12,6
DA:13,6
DA:14,6
DA:15,6
DA:17,6
DA:19,1
DA:20,1
DA:21,1
DA:23,1
DA:24,1
DA:25,1
DA:27,1
DA:28,1
DA:29,1
DA:31,1
DA:32,1
DA:33,1
DA:35,1
DA:36,1
DA:37,1
DA:39,1
DA:40,1
DA:41,1
LF:28
LH:28
BRDA:3,0,0,4
BRDA:3,0,1,7
BRDA:3,1,0,11
BRDA:3,1,1,11
BRDA:3,1,2,8
BRDA:8,2,0,1
BRDA:8,2,1,6
BRDA:17,3,0,1
BRDA:17,3,1,1
BRDA:17,3,2,1
BRDA:17,3,3,1
BRDA:17,3,4,1
BRDA:17,3,5,1
BRF:13
BRH:13
end_of_record
